生成启动时间为 2023/12/13 16:32:58。
     1>项目“E:\VS2010\练习\操作系统实验\2021214657 OS\缺页中断\缺页中断.vcxproj”在节点 2 上(build 个目标)。
     1>InitializeBuildStatus:
         正在创建“Debug\缺页中断.unsuccessfulbuild”，因为已指定“AlwaysCreate”。
       ClCompile:
         所有输出均为最新。
         E:\VS2010\VC\bin\CL.exe /c /ZI /nologo /W3 /WX- /Od /Oy- /D WIN32 /D _DEBUG /D _CONSOLE /D _UNICODE /D UNICODE /Gm /EHsc /RTC1 /MDd /GS /fp:precise /Zc:wchar_t /Zc:forScope /Yu"StdAfx.h" /Fp"Debug\缺页中断.pch" /Fo"Debug\\" /Fd"Debug\vc100.pdb" /Gd /TP /analyze- /errorReport:prompt "缺页中断.cpp"
         缺页中断.cpp
     1>e:\vs2010\练习\操作系统实验\2021214657 os\缺页中断\缺页中断.cpp(123): warning C4996: 'scanf': This function or variable may be unsafe. Consider using scanf_s instead. To disable deprecation, use _CRT_SECURE_NO_WARNINGS. See online help for details.
                 e:\vs2010\vc\include\stdio.h(304) : 参见“scanf”的声明
     1>e:\vs2010\练习\操作系统实验\2021214657 os\缺页中断\缺页中断.cpp(125): warning C4996: 'scanf': This function or variable may be unsafe. Consider using scanf_s instead. To disable deprecation, use _CRT_SECURE_NO_WARNINGS. See online help for details.
                 e:\vs2010\vc\include\stdio.h(304) : 参见“scanf”的声明
     1>e:\vs2010\练习\操作系统实验\2021214657 os\缺页中断\缺页中断.cpp(132): warning C4996: 'scanf': This function or variable may be unsafe. Consider using scanf_s instead. To disable deprecation, use _CRT_SECURE_NO_WARNINGS. See online help for details.
                 e:\vs2010\vc\include\stdio.h(304) : 参见“scanf”的声明
     1>e:\vs2010\练习\操作系统实验\2021214657 os\缺页中断\缺页中断.cpp(152): warning C4996: 'scanf': This function or variable may be unsafe. Consider using scanf_s instead. To disable deprecation, use _CRT_SECURE_NO_WARNINGS. See online help for details.
                 e:\vs2010\vc\include\stdio.h(304) : 参见“scanf”的声明
       ManifestResourceCompile:
         所有输出均为最新。
       Link:
         E:\VS2010\VC\bin\link.exe /ERRORREPORT:PROMPT /OUT:"E:\VS2010\练习\操作系统实验\2021214657 OS\Debug\缺页中断.exe" /INCREMENTAL /NOLOGO kernel32.lib user32.lib gdi32.lib winspool.lib comdlg32.lib advapi32.lib shell32.lib ole32.lib oleaut32.lib uuid.lib odbc32.lib odbccp32.lib /MANIFEST /ManifestFile:"Debug\缺页中断.exe.intermediate.manifest" /MANIFESTUAC:"level='asInvoker' uiAccess='false'" /DEBUG /PDB:"E:\VS2010\练习\操作系统实验\2021214657 OS\Debug\缺页中断.pdb" /SUBSYSTEM:CONSOLE /TLBID:1 /DYNAMICBASE /NXCOMPAT /IMPLIB:"E:\VS2010\练习\操作系统实验\2021214657 OS\Debug\缺页中断.lib" /MACHINE:X86 "Debug\缺页中断.exe.embed.manifest.res"
         Debug\stdafx.obj
         "Debug\缺页中断.obj"
       Manifest:
         C:\Program Files (x86)\Microsoft SDKs\Windows\v7.0A\bin\mt.exe /nologo /verbose /out:"Debug\缺页中断.exe.embed.manifest" /manifest "Debug\缺页中断.exe.intermediate.manifest"
         所有输出均为最新。
       LinkEmbedManifest:
         所有输出均为最新。
         缺页中断.vcxproj -> E:\VS2010\练习\操作系统实验\2021214657 OS\Debug\缺页中断.exe
       FinalizeBuildStatus:
         正在删除文件“Debug\缺页中断.unsuccessfulbuild”。
         正在对“Debug\缺页中断.lastbuildstate”执行 Touch 任务。
     1>已完成生成项目“E:\VS2010\练习\操作系统实验\2021214657 OS\缺页中断\缺页中断.vcxproj”(build 个目标)的操作。

生成成功。

已用时间 00:00:01.44
